<?xml version="1.0" encoding="UTF-8"?>
<!-- Generated by org.testng.reporters.JUnitReportReporter -->
<testsuite skipped="0" hostname="ws-korchevsky" name="TestMailRu" tests="6" failures="0" timestamp="20 Feb 2018 12:47:22 GMT" time="24.707" errors="0">
  <testcase name="searchAndVerifyResultsTest" time="9.542" classname="TestMailRu"/>
  <testcase name="searchAndVerifyResultsTest" time="3.105" classname="TestMailRu"/>
  <testcase name="searchAndVerifyResultsTest" time="2.734" classname="TestMailRu"/>
  <testcase name="searchAndVerifyResultsTest" time="2.278" classname="TestMailRu"/>
  <testcase name="firstLinkTest" time="3.667" classname="TestMailRu"/>
  <testcase name="searchTest" time="3.381" classname="TestMailRu"/>
</testsuite> <!-- TestMailRu -->
